[INFO ] 2018-01-09 21:43:15.036 [localhost-startStop-1] ContextLoader - Root WebApplicationContext: initialization completed in 2249 ms
[INFO ] 2018-01-09 21:43:16.664 [main] RequestMappingHandlerMapping - Mapped "{[/anime/{animetitle}],methods=[GET]}" onto public java.lang.String com.galleryapp.galleryapp.controllers.controller.findAnime(java.lang.String,org.springframework.ui.ModelMap)
[INFO ] 2018-01-09 21:43:16.665 [main] RequestMappingHandlerMapping - Mapped "{[/anime]}" onto public java.lang.String com.galleryapp.galleryapp.controllers.controller.getallAnime(org.springframework.ui.ModelMap)
[INFO ] 2018-01-09 21:43:16.665 [main] RequestMappingHandlerMapping - Mapped "{[/error],methods=[GET]}" onto public java.lang.String com.galleryapp.galleryapp.controllers.controller.getErrorPath()
[INFO ] 2018-01-09 21:43:16.666 [main] RequestMappingHandlerMapping - Mapped "{[/v2/api-docs],methods=[GET],produces=[application/json || application/hal+json]}" onto public org.springframework.http.ResponseEntity<springfox.documentation.spring.web.json.Json> springfox.documentation.swagger2.web.Swagger2Controller.getDocumentation(java.lang.String,javax.servlet.http.HttpServletRequest)
[INFO ] 2018-01-09 21:43:16.669 [main] RequestMappingHandlerMapping - Mapped "{[/swagger-resources/configuration/security]}" onto org.springframework.http.ResponseEntity<springfox.documentation.swagger.web.SecurityConfiguration> springfox.documentation.swagger.web.ApiResourceController.securityConfiguration()
[INFO ] 2018-01-09 21:43:16.670 [main] RequestMappingHandlerMapping - Mapped "{[/swagger-resources/configuration/ui]}" onto org.springframework.http.ResponseEntity<springfox.documentation.swagger.web.UiConfiguration> springfox.documentation.swagger.web.ApiResourceController.uiConfiguration()
[INFO ] 2018-01-09 21:43:16.672 [main] RequestMappingHandlerMapping - Mapped "{[/swagger-resources]}" onto org.springframework.http.ResponseEntity<java.util.List<springfox.documentation.swagger.web.SwaggerResource>> springfox.documentation.swagger.web.ApiResourceController.swaggerResources()
[INFO ] 2018-01-09 21:43:17.226 [main] RequestMappingHandlerAdapter - Looking for @ControllerAdvice: org.springframework.boot.context.embedded.AnnotationConfigEmbeddedWebApplicationContext@2002fc1d: startup date [Tue Jan 09 21:43:12 CST 2018]; root of context hierarchy
[INFO ] 2018-01-09 21:43:17.278 [main] SimpleUrlHandlerMapping - Mapped URL path [/webjars/**] onto handler of type [class org.springframework.web.servlet.resource.ResourceHttpRequestHandler]
[INFO ] 2018-01-09 21:43:17.279 [main] SimpleUrlHandlerMapping - Mapped URL path [/**] onto handler of type [class org.springframework.web.servlet.resource.ResourceHttpRequestHandler]
[INFO ] 2018-01-09 21:43:17.313 [main] SimpleUrlHandlerMapping - Mapped URL path [/**/favicon.ico] onto handler of type [class org.springframework.web.servlet.resource.ResourceHttpRequestHandler]
[INFO ] 2018-01-09 21:43:44.695 [http-nio-8080-exec-1] DispatcherServlet - FrameworkServlet 'dispatcherServlet': initialization started
[INFO ] 2018-01-09 21:43:44.722 [http-nio-8080-exec-1] DispatcherServlet - FrameworkServlet 'dispatcherServlet': initialization completed in 27 ms
[INFO ] 2018-01-09 21:48:44.441 [localhost-startStop-1] ContextLoader - Root WebApplicationContext: initialization completed in 2604 ms
[INFO ] 2018-01-09 21:48:46.487 [main] RequestMappingHandlerMapping - Mapped "{[/anime/{animetitle}],methods=[GET]}" onto public java.lang.String com.galleryapp.galleryapp.controllers.controller.findAnime(java.lang.String,org.springframework.ui.ModelMap)
[INFO ] 2018-01-09 21:48:46.489 [main] RequestMappingHandlerMapping - Mapped "{[/error],methods=[GET]}" onto public java.lang.String com.galleryapp.galleryapp.controllers.controller.getErrorPath()
[INFO ] 2018-01-09 21:48:46.489 [main] RequestMappingHandlerMapping - Mapped "{[/anime]}" onto public java.lang.String com.galleryapp.galleryapp.controllers.controller.getallAnime(org.springframework.ui.ModelMap)
[INFO ] 2018-01-09 21:48:46.490 [main] RequestMappingHandlerMapping - Mapped "{[/v2/api-docs],methods=[GET],produces=[application/json || application/hal+json]}" onto public org.springframework.http.ResponseEntity<springfox.documentation.spring.web.json.Json> springfox.documentation.swagger2.web.Swagger2Controller.getDocumentation(java.lang.String,javax.servlet.http.HttpServletRequest)
[INFO ] 2018-01-09 21:48:46.495 [main] RequestMappingHandlerMapping - Mapped "{[/swagger-resources/configuration/security]}" onto org.springframework.http.ResponseEntity<springfox.documentation.swagger.web.SecurityConfiguration> springfox.documentation.swagger.web.ApiResourceController.securityConfiguration()
[INFO ] 2018-01-09 21:48:46.497 [main] RequestMappingHandlerMapping - Mapped "{[/swagger-resources]}" onto org.springframework.http.ResponseEntity<java.util.List<springfox.documentation.swagger.web.SwaggerResource>> springfox.documentation.swagger.web.ApiResourceController.swaggerResources()
[INFO ] 2018-01-09 21:48:46.498 [main] RequestMappingHandlerMapping - Mapped "{[/swagger-resources/configuration/ui]}" onto org.springframework.http.ResponseEntity<springfox.documentation.swagger.web.UiConfiguration> springfox.documentation.swagger.web.ApiResourceController.uiConfiguration()
[INFO ] 2018-01-09 21:48:47.694 [main] RequestMappingHandlerAdapter - Looking for @ControllerAdvice: org.springframework.boot.context.embedded.AnnotationConfigEmbeddedWebApplicationContext@2002fc1d: startup date [Tue Jan 09 21:48:41 CST 2018]; root of context hierarchy
[INFO ] 2018-01-09 21:48:47.783 [main] SimpleUrlHandlerMapping - Mapped URL path [/webjars/**] onto handler of type [class org.springframework.web.servlet.resource.ResourceHttpRequestHandler]
[INFO ] 2018-01-09 21:48:47.783 [main] SimpleUrlHandlerMapping - Mapped URL path [/**] onto handler of type [class org.springframework.web.servlet.resource.ResourceHttpRequestHandler]
[INFO ] 2018-01-09 21:48:47.847 [main] SimpleUrlHandlerMapping - Mapped URL path [/**/favicon.ico] onto handler of type [class org.springframework.web.servlet.resource.ResourceHttpRequestHandler]
[INFO ] 2018-01-09 21:48:48.937 [http-nio-8080-exec-1] DispatcherServlet - FrameworkServlet 'dispatcherServlet': initialization started
[INFO ] 2018-01-09 21:48:48.957 [http-nio-8080-exec-1] DispatcherServlet - FrameworkServlet 'dispatcherServlet': initialization completed in 20 ms
[INFO ] 2018-01-10 10:46:13.218 [localhost-startStop-1] ContextLoader - Root WebApplicationContext: initialization completed in 2967 ms
[INFO ] 2018-01-10 10:46:14.960 [main] RequestMappingHandlerMapping - Mapped "{[/anime/{animetitle}],methods=[GET]}" onto public java.lang.String com.galleryapp.galleryapp.controllers.controller.findAnime(java.lang.String,org.springframework.ui.ModelMap)
[INFO ] 2018-01-10 10:46:14.961 [main] RequestMappingHandlerMapping - Mapped "{[/error],methods=[GET]}" onto public java.lang.String com.galleryapp.galleryapp.controllers.controller.getErrorPath()
[INFO ] 2018-01-10 10:46:14.961 [main] RequestMappingHandlerMapping - Mapped "{[/anime]}" onto public java.lang.String com.galleryapp.galleryapp.controllers.controller.getallAnime(org.springframework.ui.ModelMap)
[INFO ] 2018-01-10 10:46:14.961 [main] RequestMappingHandlerMapping - Mapped "{[/v2/api-docs],methods=[GET],produces=[application/json || application/hal+json]}" onto public org.springframework.http.ResponseEntity<springfox.documentation.spring.web.json.Json> springfox.documentation.swagger2.web.Swagger2Controller.getDocumentation(java.lang.String,javax.servlet.http.HttpServletRequest)
[INFO ] 2018-01-10 10:46:14.965 [main] RequestMappingHandlerMapping - Mapped "{[/swagger-resources/configuration/security]}" onto org.springframework.http.ResponseEntity<springfox.documentation.swagger.web.SecurityConfiguration> springfox.documentation.swagger.web.ApiResourceController.securityConfiguration()
[INFO ] 2018-01-10 10:46:14.966 [main] RequestMappingHandlerMapping - Mapped "{[/swagger-resources/configuration/ui]}" onto org.springframework.http.ResponseEntity<springfox.documentation.swagger.web.UiConfiguration> springfox.documentation.swagger.web.ApiResourceController.uiConfiguration()
[INFO ] 2018-01-10 10:46:14.967 [main] RequestMappingHandlerMapping - Mapped "{[/swagger-resources]}" onto org.springframework.http.ResponseEntity<java.util.List<springfox.documentation.swagger.web.SwaggerResource>> springfox.documentation.swagger.web.ApiResourceController.swaggerResources()
[INFO ] 2018-01-10 10:46:15.549 [main] RequestMappingHandlerAdapter - Looking for @ControllerAdvice: org.springframework.boot.context.embedded.AnnotationConfigEmbeddedWebApplicationContext@17f7cd29: startup date [Wed Jan 10 10:46:10 CST 2018]; root of context hierarchy
[INFO ] 2018-01-10 10:46:15.609 [main] SimpleUrlHandlerMapping - Mapped URL path [/webjars/**] onto handler of type [class org.springframework.web.servlet.resource.ResourceHttpRequestHandler]
[INFO ] 2018-01-10 10:46:15.610 [main] SimpleUrlHandlerMapping - Mapped URL path [/**] onto handler of type [class org.springframework.web.servlet.resource.ResourceHttpRequestHandler]
[INFO ] 2018-01-10 10:46:15.649 [main] SimpleUrlHandlerMapping - Mapped URL path [/**/favicon.ico] onto handler of type [class org.springframework.web.servlet.resource.ResourceHttpRequestHandler]
[INFO ] 2018-01-10 10:46:49.835 [http-nio-8080-exec-1] DispatcherServlet - FrameworkServlet 'dispatcherServlet': initialization started
[INFO ] 2018-01-10 10:46:49.858 [http-nio-8080-exec-1] DispatcherServlet - FrameworkServlet 'dispatcherServlet': initialization completed in 22 ms
[INFO ] 2018-01-10 10:48:57.226 [localhost-startStop-1] ContextLoader - Root WebApplicationContext: initialization completed in 2741 ms
[INFO ] 2018-01-10 10:48:59.113 [main] RequestMappingHandlerAdapter - Looking for @ControllerAdvice: org.springframework.boot.context.embedded.AnnotationConfigEmbeddedWebApplicationContext@17f7cd29: startup date [Wed Jan 10 10:48:54 CST 2018]; root of context hierarchy
[INFO ] 2018-01-10 10:48:59.237 [main] RequestMappingHandlerMapping - Mapped "{[/error]}" onto public org.springframework.http.ResponseEntity<java.util.Map<java.lang.String, java.lang.Object>> org.springframework.boot.autoconfigure.web.BasicErrorController.error(javax.servlet.http.HttpServletRequest)
[INFO ] 2018-01-10 10:48:59.238 [main] RequestMappingHandlerMapping - Mapped "{[/error],produces=[text/html]}" onto public org.springframework.web.servlet.ModelAndView org.springframework.boot.autoconfigure.web.BasicErrorController.errorHtml(javax.servlet.http.HttpServletRequest,javax.servlet.http.HttpServletResponse)
[INFO ] 2018-01-10 10:48:59.278 [main] SimpleUrlHandlerMapping - Mapped URL path [/webjars/**] onto handler of type [class org.springframework.web.servlet.resource.ResourceHttpRequestHandler]
[INFO ] 2018-01-10 10:48:59.278 [main] SimpleUrlHandlerMapping - Mapped URL path [/**] onto handler of type [class org.springframework.web.servlet.resource.ResourceHttpRequestHandler]
[INFO ] 2018-01-10 10:48:59.315 [main] SimpleUrlHandlerMapping - Mapped URL path [/**/favicon.ico] onto handler of type [class org.springframework.web.servlet.resource.ResourceHttpRequestHandler]
[INFO ] 2018-01-10 10:49:05.064 [http-nio-8080-exec-1] DispatcherServlet - FrameworkServlet 'dispatcherServlet': initialization started
[INFO ] 2018-01-10 10:49:05.083 [http-nio-8080-exec-1] DispatcherServlet - FrameworkServlet 'dispatcherServlet': initialization completed in 19 ms
[INFO ] 2018-01-10 10:52:28.959 [localhost-startStop-1] ContextLoader - Root WebApplicationContext: initialization completed in 2824 ms
[INFO ] 2018-01-10 10:52:30.565 [main] RequestMappingHandlerAdapter - Looking for @ControllerAdvice: org.springframework.boot.context.embedded.AnnotationConfigEmbeddedWebApplicationContext@17f7cd29: startup date [Wed Jan 10 10:52:26 CST 2018]; root of context hierarchy
[INFO ] 2018-01-10 10:52:30.686 [main] RequestMappingHandlerMapping - Mapped "{[/error]}" onto public org.springframework.http.ResponseEntity<java.util.Map<java.lang.String, java.lang.Object>> org.springframework.boot.autoconfigure.web.BasicErrorController.error(javax.servlet.http.HttpServletRequest)
[INFO ] 2018-01-10 10:52:30.687 [main] RequestMappingHandlerMapping - Mapped "{[/error],produces=[text/html]}" onto public org.springframework.web.servlet.ModelAndView org.springframework.boot.autoconfigure.web.BasicErrorController.errorHtml(javax.servlet.http.HttpServletRequest,javax.servlet.http.HttpServletResponse)
[INFO ] 2018-01-10 10:52:30.721 [main] SimpleUrlHandlerMapping - Mapped URL path [/webjars/**] onto handler of type [class org.springframework.web.servlet.resource.ResourceHttpRequestHandler]
[INFO ] 2018-01-10 10:52:30.721 [main] SimpleUrlHandlerMapping - Mapped URL path [/**] onto handler of type [class org.springframework.web.servlet.resource.ResourceHttpRequestHandler]
[INFO ] 2018-01-10 10:52:30.761 [main] SimpleUrlHandlerMapping - Mapped URL path [/**/favicon.ico] onto handler of type [class org.springframework.web.servlet.resource.ResourceHttpRequestHandler]
[INFO ] 2018-01-10 10:52:46.357 [localhost-startStop-1] ContextLoader - Root WebApplicationContext: initialization completed in 2694 ms
[INFO ] 2018-01-10 10:52:47.917 [main] RequestMappingHandlerAdapter - Looking for @ControllerAdvice: org.springframework.boot.context.embedded.AnnotationConfigEmbeddedWebApplicationContext@17f7cd29: startup date [Wed Jan 10 10:52:43 CST 2018]; root of context hierarchy
[INFO ] 2018-01-10 10:52:48.007 [main] RequestMappingHandlerMapping - Mapped "{[/error]}" onto public org.springframework.http.ResponseEntity<java.util.Map<java.lang.String, java.lang.Object>> org.springframework.boot.autoconfigure.web.BasicErrorController.error(javax.servlet.http.HttpServletRequest)
[INFO ] 2018-01-10 10:52:48.008 [main] RequestMappingHandlerMapping - Mapped "{[/error],produces=[text/html]}" onto public org.springframework.web.servlet.ModelAndView org.springframework.boot.autoconfigure.web.BasicErrorController.errorHtml(javax.servlet.http.HttpServletRequest,javax.servlet.http.HttpServletResponse)
[INFO ] 2018-01-10 10:52:48.049 [main] SimpleUrlHandlerMapping - Mapped URL path [/webjars/**] onto handler of type [class org.springframework.web.servlet.resource.ResourceHttpRequestHandler]
[INFO ] 2018-01-10 10:52:48.049 [main] SimpleUrlHandlerMapping - Mapped URL path [/**] onto handler of type [class org.springframework.web.servlet.resource.ResourceHttpRequestHandler]
[INFO ] 2018-01-10 10:52:48.099 [main] SimpleUrlHandlerMapping - Mapped URL path [/**/favicon.ico] onto handler of type [class org.springframework.web.servlet.resource.ResourceHttpRequestHandler]
[INFO ] 2018-01-10 10:55:45.169 [localhost-startStop-1] ContextLoader - Root WebApplicationContext: initialization completed in 2690 ms
[INFO ] 2018-01-10 10:55:46.674 [main] RequestMappingHandlerAdapter - Looking for @ControllerAdvice: org.springframework.boot.context.embedded.AnnotationConfigEmbeddedWebApplicationContext@17f7cd29: startup date [Wed Jan 10 10:55:42 CST 2018]; root of context hierarchy
[INFO ] 2018-01-10 10:55:46.793 [main] RequestMappingHandlerMapping - Mapped "{[/error]}" onto public org.springframework.http.ResponseEntity<java.util.Map<java.lang.String, java.lang.Object>> org.springframework.boot.autoconfigure.web.BasicErrorController.error(javax.servlet.http.HttpServletRequest)
[INFO ] 2018-01-10 10:55:46.794 [main] RequestMappingHandlerMapping - Mapped "{[/error],produces=[text/html]}" onto public org.springframework.web.servlet.ModelAndView org.springframework.boot.autoconfigure.web.BasicErrorController.errorHtml(javax.servlet.http.HttpServletRequest,javax.servlet.http.HttpServletResponse)
[INFO ] 2018-01-10 10:55:46.828 [main] SimpleUrlHandlerMapping - Mapped URL path [/webjars/**] onto handler of type [class org.springframework.web.servlet.resource.ResourceHttpRequestHandler]
[INFO ] 2018-01-10 10:55:46.828 [main] SimpleUrlHandlerMapping - Mapped URL path [/**] onto handler of type [class org.springframework.web.servlet.resource.ResourceHttpRequestHandler]
[INFO ] 2018-01-10 10:55:46.871 [main] SimpleUrlHandlerMapping - Mapped URL path [/**/favicon.ico] onto handler of type [class org.springframework.web.servlet.resource.ResourceHttpRequestHandler]
[INFO ] 2018-01-10 10:56:37.337 [http-nio-8080-exec-2] DispatcherServlet - FrameworkServlet 'dispatcherServlet': initialization started
[INFO ] 2018-01-10 10:56:37.355 [http-nio-8080-exec-2] DispatcherServlet - FrameworkServlet 'dispatcherServlet': initialization completed in 18 ms
[INFO ] 2018-01-10 11:01:18.744 [localhost-startStop-1] ContextLoader - Root WebApplicationContext: initialization completed in 2749 ms
[INFO ] 2018-01-10 11:01:20.456 [main] RequestMappingHandlerAdapter - Looking for @ControllerAdvice: org.springframework.boot.context.embedded.AnnotationConfigEmbeddedWebApplicationContext@17f7cd29: startup date [Wed Jan 10 11:01:15 CST 2018]; root of context hierarchy
[INFO ] 2018-01-10 11:01:20.590 [main] RequestMappingHandlerMapping - Mapped "{[/error]}" onto public org.springframework.http.ResponseEntity<java.util.Map<java.lang.String, java.lang.Object>> org.springframework.boot.autoconfigure.web.BasicErrorController.error(javax.servlet.http.HttpServletRequest)
[INFO ] 2018-01-10 11:01:20.591 [main] RequestMappingHandlerMapping - Mapped "{[/error],produces=[text/html]}" onto public org.springframework.web.servlet.ModelAndView org.springframework.boot.autoconfigure.web.BasicErrorController.errorHtml(javax.servlet.http.HttpServletRequest,javax.servlet.http.HttpServletResponse)
[INFO ] 2018-01-10 11:01:20.634 [main] SimpleUrlHandlerMapping - Mapped URL path [/webjars/**] onto handler of type [class org.springframework.web.servlet.resource.ResourceHttpRequestHandler]
[INFO ] 2018-01-10 11:01:20.635 [main] SimpleUrlHandlerMapping - Mapped URL path [/**] onto handler of type [class org.springframework.web.servlet.resource.ResourceHttpRequestHandler]
[INFO ] 2018-01-10 11:01:20.689 [main] SimpleUrlHandlerMapping - Mapped URL path [/**/favicon.ico] onto handler of type [class org.springframework.web.servlet.resource.ResourceHttpRequestHandler]
[INFO ] 2018-01-10 11:02:06.651 [localhost-startStop-1] ContextLoader - Root WebApplicationContext: initialization completed in 2782 ms
[INFO ] 2018-01-10 11:02:08.433 [main] RequestMappingHandlerAdapter - Looking for @ControllerAdvice: org.springframework.boot.context.embedded.AnnotationConfigEmbeddedWebApplicationContext@17f7cd29: startup date [Wed Jan 10 11:02:03 CST 2018]; root of context hierarchy
[INFO ] 2018-01-10 11:02:08.568 [main] RequestMappingHandlerMapping - Mapped "{[/error]}" onto public org.springframework.http.ResponseEntity<java.util.Map<java.lang.String, java.lang.Object>> org.springframework.boot.autoconfigure.web.BasicErrorController.error(javax.servlet.http.HttpServletRequest)
[INFO ] 2018-01-10 11:02:08.571 [main] RequestMappingHandlerMapping - Mapped "{[/error],produces=[text/html]}" onto public org.springframework.web.servlet.ModelAndView org.springframework.boot.autoconfigure.web.BasicErrorController.errorHtml(javax.servlet.http.HttpServletRequest,javax.servlet.http.HttpServletResponse)
[INFO ] 2018-01-10 11:02:08.616 [main] SimpleUrlHandlerMapping - Mapped URL path [/webjars/**] onto handler of type [class org.springframework.web.servlet.resource.ResourceHttpRequestHandler]
[INFO ] 2018-01-10 11:02:08.616 [main] SimpleUrlHandlerMapping - Mapped URL path [/**] onto handler of type [class org.springframework.web.servlet.resource.ResourceHttpRequestHandler]
[INFO ] 2018-01-10 11:02:08.684 [main] SimpleUrlHandlerMapping - Mapped URL path [/**/favicon.ico] onto handler of type [class org.springframework.web.servlet.resource.ResourceHttpRequestHandler]
[INFO ] 2018-01-10 11:03:41.272 [localhost-startStop-1] ContextLoader - Root WebApplicationContext: initialization completed in 2670 ms
[INFO ] 2018-01-10 11:03:42.866 [main] RequestMappingHandlerAdapter - Looking for @ControllerAdvice: org.springframework.boot.context.embedded.AnnotationConfigEmbeddedWebApplicationContext@17f7cd29: startup date [Wed Jan 10 11:03:38 CST 2018]; root of context hierarchy
[INFO ] 2018-01-10 11:03:42.985 [main] RequestMappingHandlerMapping - Mapped "{[/error]}" onto public org.springframework.http.ResponseEntity<java.util.Map<java.lang.String, java.lang.Object>> org.springframework.boot.autoconfigure.web.BasicErrorController.error(javax.servlet.http.HttpServletRequest)
[INFO ] 2018-01-10 11:03:42.987 [main] RequestMappingHandlerMapping - Mapped "{[/error],produces=[text/html]}" onto public org.springframework.web.servlet.ModelAndView org.springframework.boot.autoconfigure.web.BasicErrorController.errorHtml(javax.servlet.http.HttpServletRequest,javax.servlet.http.HttpServletResponse)
[INFO ] 2018-01-10 11:03:43.028 [main] SimpleUrlHandlerMapping - Mapped URL path [/webjars/**] onto handler of type [class org.springframework.web.servlet.resource.ResourceHttpRequestHandler]
[INFO ] 2018-01-10 11:03:43.028 [main] SimpleUrlHandlerMapping - Mapped URL path [/**] onto handler of type [class org.springframework.web.servlet.resource.ResourceHttpRequestHandler]
[INFO ] 2018-01-10 11:03:43.091 [main] SimpleUrlHandlerMapping - Mapped URL path [/**/favicon.ico] onto handler of type [class org.springframework.web.servlet.resource.ResourceHttpRequestHandler]
[INFO ] 2018-01-10 11:04:21.061 [http-nio-8080-exec-1] DispatcherServlet - FrameworkServlet 'dispatcherServlet': initialization started
[INFO ] 2018-01-10 11:04:21.113 [http-nio-8080-exec-1] DispatcherServlet - FrameworkServlet 'dispatcherServlet': initialization completed in 50 ms
[INFO ] 2018-01-10 11:05:56.244 [localhost-startStop-1] ContextLoader - Root WebApplicationContext: initialization completed in 2805 ms
[INFO ] 2018-01-10 11:05:57.826 [main] RequestMappingHandlerAdapter - Looking for @ControllerAdvice: org.springframework.boot.context.embedded.AnnotationConfigEmbeddedWebApplicationContext@17f7cd29: startup date [Wed Jan 10 11:05:53 CST 2018]; root of context hierarchy
[INFO ] 2018-01-10 11:05:57.923 [main] RequestMappingHandlerMapping - Mapped "{[/error]}" onto public org.springframework.http.ResponseEntity<java.util.Map<java.lang.String, java.lang.Object>> org.springframework.boot.autoconfigure.web.BasicErrorController.error(javax.servlet.http.HttpServletRequest)
[INFO ] 2018-01-10 11:05:57.924 [main] RequestMappingHandlerMapping - Mapped "{[/error],produces=[text/html]}" onto public org.springframework.web.servlet.ModelAndView org.springframework.boot.autoconfigure.web.BasicErrorController.errorHtml(javax.servlet.http.HttpServletRequest,javax.servlet.http.HttpServletResponse)
[INFO ] 2018-01-10 11:05:57.963 [main] SimpleUrlHandlerMapping - Mapped URL path [/webjars/**] onto handler of type [class org.springframework.web.servlet.resource.ResourceHttpRequestHandler]
[INFO ] 2018-01-10 11:05:57.963 [main] SimpleUrlHandlerMapping - Mapped URL path [/**] onto handler of type [class org.springframework.web.servlet.resource.ResourceHttpRequestHandler]
[INFO ] 2018-01-10 11:05:58.011 [main] SimpleUrlHandlerMapping - Mapped URL path [/**/favicon.ico] onto handler of type [class org.springframework.web.servlet.resource.ResourceHttpRequestHandler]
[INFO ] 2018-01-10 11:06:06.026 [http-nio-8080-exec-10] DispatcherServlet - FrameworkServlet 'dispatcherServlet': initialization started
[INFO ] 2018-01-10 11:06:06.050 [http-nio-8080-exec-10] DispatcherServlet - FrameworkServlet 'dispatcherServlet': initialization completed in 24 ms
[INFO ] 2018-01-10 11:07:16.278 [localhost-startStop-1] ContextLoader - Root WebApplicationContext: initialization completed in 3880 ms
[INFO ] 2018-01-10 11:07:18.624 [main] RequestMappingHandlerMapping - Mapped "{[/anime/{animetitle}],methods=[GET]}" onto public java.lang.String com.galleryapp.galleryapp.controllers.controller.findAnime(java.lang.String,org.springframework.ui.ModelMap)
[INFO ] 2018-01-10 11:07:18.625 [main] RequestMappingHandlerMapping - Mapped "{[/anime],methods=[GET]}" onto public java.lang.String com.galleryapp.galleryapp.controllers.controller.getallAnime(org.springframework.ui.ModelMap)
[INFO ] 2018-01-10 11:07:18.626 [main] RequestMappingHandlerMapping - Mapped "{[/error],methods=[GET]}" onto public java.lang.String com.galleryapp.galleryapp.controllers.controller.getErrorPath()
[INFO ] 2018-01-10 11:07:18.627 [main] RequestMappingHandlerMapping - Mapped "{[/v2/api-docs],methods=[GET],produces=[application/json || application/hal+json]}" onto public org.springframework.http.ResponseEntity<springfox.documentation.spring.web.json.Json> springfox.documentation.swagger2.web.Swagger2Controller.getDocumentation(java.lang.String,javax.servlet.http.HttpServletRequest)
[INFO ] 2018-01-10 11:07:18.635 [main] RequestMappingHandlerMapping - Mapped "{[/swagger-resources/configuration/security]}" onto org.springframework.http.ResponseEntity<springfox.documentation.swagger.web.SecurityConfiguration> springfox.documentation.swagger.web.ApiResourceController.securityConfiguration()
[INFO ] 2018-01-10 11:07:18.636 [main] RequestMappingHandlerMapping - Mapped "{[/swagger-resources]}" onto org.springframework.http.ResponseEntity<java.util.List<springfox.documentation.swagger.web.SwaggerResource>> springfox.documentation.swagger.web.ApiResourceController.swaggerResources()
[INFO ] 2018-01-10 11:07:18.637 [main] RequestMappingHandlerMapping - Mapped "{[/swagger-resources/configuration/ui]}" onto org.springframework.http.ResponseEntity<springfox.documentation.swagger.web.UiConfiguration> springfox.documentation.swagger.web.ApiResourceController.uiConfiguration()
[INFO ] 2018-01-10 11:07:19.442 [main] RequestMappingHandlerAdapter - Looking for @ControllerAdvice: org.springframework.boot.context.embedded.AnnotationConfigEmbeddedWebApplicationContext@17f7cd29: startup date [Wed Jan 10 11:07:12 CST 2018]; root of context hierarchy
[INFO ] 2018-01-10 11:07:19.598 [main] SimpleUrlHandlerMapping - Mapped URL path [/webjars/**] onto handler of type [class org.springframework.web.servlet.resource.ResourceHttpRequestHandler]
[INFO ] 2018-01-10 11:07:19.599 [main] SimpleUrlHandlerMapping - Mapped URL path [/**] onto handler of type [class org.springframework.web.servlet.resource.ResourceHttpRequestHandler]
[INFO ] 2018-01-10 11:07:19.647 [main] SimpleUrlHandlerMapping - Mapped URL path [/**/favicon.ico] onto handler of type [class org.springframework.web.servlet.resource.ResourceHttpRequestHandler]
[INFO ] 2018-01-10 11:07:50.272 [localhost-startStop-1] ContextLoader - Root WebApplicationContext: initialization completed in 2877 ms
[INFO ] 2018-01-10 11:07:52.038 [main] RequestMappingHandlerAdapter - Looking for @ControllerAdvice: org.springframework.boot.context.embedded.AnnotationConfigEmbeddedWebApplicationContext@17f7cd29: startup date [Wed Jan 10 11:07:47 CST 2018]; root of context hierarchy
[INFO ] 2018-01-10 11:07:52.154 [main] RequestMappingHandlerMapping - Mapped "{[/error]}" onto public org.springframework.http.ResponseEntity<java.util.Map<java.lang.String, java.lang.Object>> org.springframework.boot.autoconfigure.web.BasicErrorController.error(javax.servlet.http.HttpServletRequest)
[INFO ] 2018-01-10 11:07:52.155 [main] RequestMappingHandlerMapping - Mapped "{[/error],produces=[text/html]}" onto public org.springframework.web.servlet.ModelAndView org.springframework.boot.autoconfigure.web.BasicErrorController.errorHtml(javax.servlet.http.HttpServletRequest,javax.servlet.http.HttpServletResponse)
[INFO ] 2018-01-10 11:07:52.196 [main] SimpleUrlHandlerMapping - Mapped URL path [/webjars/**] onto handler of type [class org.springframework.web.servlet.resource.ResourceHttpRequestHandler]
[INFO ] 2018-01-10 11:07:52.197 [main] SimpleUrlHandlerMapping - Mapped URL path [/**] onto handler of type [class org.springframework.web.servlet.resource.ResourceHttpRequestHandler]
[INFO ] 2018-01-10 11:07:52.244 [main] SimpleUrlHandlerMapping - Mapped URL path [/**/favicon.ico] onto handler of type [class org.springframework.web.servlet.resource.ResourceHttpRequestHandler]
[INFO ] 2018-01-10 11:08:08.486 [localhost-startStop-1] ContextLoader - Root WebApplicationContext: initialization completed in 3157 ms
[INFO ] 2018-01-10 11:08:10.360 [main] RequestMappingHandlerMapping - Mapped "{[/error],methods=[GET]}" onto public java.lang.String com.galleryapp.galleryapp.controllers.controller.getErrorPath()
[INFO ] 2018-01-10 11:08:10.362 [main] RequestMappingHandlerMapping - Mapped "{[/anime],methods=[GET]}" onto public java.lang.String com.galleryapp.galleryapp.controllers.controller.getallAnime(org.springframework.ui.ModelMap)
[INFO ] 2018-01-10 11:08:10.363 [main] RequestMappingHandlerMapping - Mapped "{[/anime/{animetitle}],methods=[GET]}" onto public java.lang.String com.galleryapp.galleryapp.controllers.controller.findAnime(java.lang.String,org.springframework.ui.ModelMap)
[INFO ] 2018-01-10 11:08:10.364 [main] RequestMappingHandlerMapping - Mapped "{[/v2/api-docs],methods=[GET],produces=[application/json || application/hal+json]}" onto public org.springframework.http.ResponseEntity<springfox.documentation.spring.web.json.Json> springfox.documentation.swagger2.web.Swagger2Controller.getDocumentation(java.lang.String,javax.servlet.http.HttpServletRequest)
[INFO ] 2018-01-10 11:08:10.368 [main] RequestMappingHandlerMapping - Mapped "{[/swagger-resources/configuration/security]}" onto org.springframework.http.ResponseEntity<springfox.documentation.swagger.web.SecurityConfiguration> springfox.documentation.swagger.web.ApiResourceController.securityConfiguration()
[INFO ] 2018-01-10 11:08:10.369 [main] RequestMappingHandlerMapping - Mapped "{[/swagger-resources]}" onto org.springframework.http.ResponseEntity<java.util.List<springfox.documentation.swagger.web.SwaggerResource>> springfox.documentation.swagger.web.ApiResourceController.swaggerResources()
[INFO ] 2018-01-10 11:08:10.370 [main] RequestMappingHandlerMapping - Mapped "{[/swagger-resources/configuration/ui]}" onto org.springframework.http.ResponseEntity<springfox.documentation.swagger.web.UiConfiguration> springfox.documentation.swagger.web.ApiResourceController.uiConfiguration()
[INFO ] 2018-01-10 11:08:10.964 [main] RequestMappingHandlerAdapter - Looking for @ControllerAdvice: org.springframework.boot.context.embedded.AnnotationConfigEmbeddedWebApplicationContext@17f7cd29: startup date [Wed Jan 10 11:08:05 CST 2018]; root of context hierarchy
[INFO ] 2018-01-10 11:08:11.039 [main] SimpleUrlHandlerMapping - Mapped URL path [/webjars/**] onto handler of type [class org.springframework.web.servlet.resource.ResourceHttpRequestHandler]
[INFO ] 2018-01-10 11:08:11.040 [main] SimpleUrlHandlerMapping - Mapped URL path [/**] onto handler of type [class org.springframework.web.servlet.resource.ResourceHttpRequestHandler]
[INFO ] 2018-01-10 11:08:11.093 [main] SimpleUrlHandlerMapping - Mapped URL path [/**/favicon.ico] onto handler of type [class org.springframework.web.servlet.resource.ResourceHttpRequestHandler]
[INFO ] 2018-01-10 11:08:24.685 [http-nio-8080-exec-1] DispatcherServlet - FrameworkServlet 'dispatcherServlet': initialization started
[INFO ] 2018-01-10 11:08:24.704 [http-nio-8080-exec-1] DispatcherServlet - FrameworkServlet 'dispatcherServlet': initialization completed in 19 ms
[INFO ] 2018-01-10 11:08:57.369 [localhost-startStop-1] ContextLoader - Root WebApplicationContext: initialization completed in 2895 ms
[INFO ] 2018-01-10 11:08:59.449 [main] RequestMappingHandlerMapping - Mapped "{[/anime/{animetitle}],methods=[GET]}" onto public java.lang.String com.galleryapp.galleryapp.controllers.controller.findAnime(java.lang.String,org.springframework.ui.ModelMap)
[INFO ] 2018-01-10 11:08:59.450 [main] RequestMappingHandlerMapping - Mapped "{[/error],methods=[GET]}" onto public java.lang.String com.galleryapp.galleryapp.controllers.controller.getErrorPath()
[INFO ] 2018-01-10 11:08:59.450 [main] RequestMappingHandlerMapping - Mapped "{[/anime],methods=[GET]}" onto public java.lang.String com.galleryapp.galleryapp.controllers.controller.getallAnime(org.springframework.ui.ModelMap)
[INFO ] 2018-01-10 11:08:59.451 [main] RequestMappingHandlerMapping - Mapped "{[/v2/api-docs],methods=[GET],produces=[application/json || application/hal+json]}" onto public org.springframework.http.ResponseEntity<springfox.documentation.spring.web.json.Json> springfox.documentation.swagger2.web.Swagger2Controller.getDocumentation(java.lang.String,javax.servlet.http.HttpServletRequest)
[INFO ] 2018-01-10 11:08:59.455 [main] RequestMappingHandlerMapping - Mapped "{[/swagger-resources]}" onto org.springframework.http.ResponseEntity<java.util.List<springfox.documentation.swagger.web.SwaggerResource>> springfox.documentation.swagger.web.ApiResourceController.swaggerResources()
[INFO ] 2018-01-10 11:08:59.456 [main] RequestMappingHandlerMapping - Mapped "{[/swagger-resources/configuration/ui]}" onto org.springframework.http.ResponseEntity<springfox.documentation.swagger.web.UiConfiguration> springfox.documentation.swagger.web.ApiResourceController.uiConfiguration()
[INFO ] 2018-01-10 11:08:59.456 [main] RequestMappingHandlerMapping - Mapped "{[/swagger-resources/configuration/security]}" onto org.springframework.http.ResponseEntity<springfox.documentation.swagger.web.SecurityConfiguration> springfox.documentation.swagger.web.ApiResourceController.securityConfiguration()
[INFO ] 2018-01-10 11:09:00.070 [main] RequestMappingHandlerAdapter - Looking for @ControllerAdvice: org.springframework.boot.context.embedded.AnnotationConfigEmbeddedWebApplicationContext@17f7cd29: startup date [Wed Jan 10 11:08:54 CST 2018]; root of context hierarchy
[INFO ] 2018-01-10 11:09:00.138 [main] SimpleUrlHandlerMapping - Mapped URL path [/webjars/**] onto handler of type [class org.springframework.web.servlet.resource.ResourceHttpRequestHandler]
[INFO ] 2018-01-10 11:09:00.138 [main] SimpleUrlHandlerMapping - Mapped URL path [/**] onto handler of type [class org.springframework.web.servlet.resource.ResourceHttpRequestHandler]
[INFO ] 2018-01-10 11:09:00.177 [main] SimpleUrlHandlerMapping - Mapped URL path [/**/favicon.ico] onto handler of type [class org.springframework.web.servlet.resource.ResourceHttpRequestHandler]
[INFO ] 2018-01-10 11:09:04.054 [http-nio-8080-exec-1] DispatcherServlet - FrameworkServlet 'dispatcherServlet': initialization started
[INFO ] 2018-01-10 11:09:04.079 [http-nio-8080-exec-1] DispatcherServlet - FrameworkServlet 'dispatcherServlet': initialization completed in 25 ms
[INFO ] 2018-01-10 11:09:55.099 [localhost-startStop-1] ContextLoader - Root WebApplicationContext: initialization completed in 2889 ms
[INFO ] 2018-01-10 11:09:56.809 [main] RequestMappingHandlerMapping - Mapped "{[/anime],methods=[GET]}" onto public java.lang.String com.galleryapp.galleryapp.controllers.controller.getallAnime(org.springframework.ui.ModelMap)
[INFO ] 2018-01-10 11:09:56.810 [main] RequestMappingHandlerMapping - Mapped "{[/error],methods=[GET]}" onto public java.lang.String com.galleryapp.galleryapp.controllers.controller.getErrorPath()
[INFO ] 2018-01-10 11:09:56.811 [main] RequestMappingHandlerMapping - Mapped "{[/anime/{animetitle}],methods=[GET]}" onto public java.lang.String com.galleryapp.galleryapp.controllers.controller.findAnime(java.lang.String,org.springframework.ui.ModelMap)
[INFO ] 2018-01-10 11:09:56.811 [main] RequestMappingHandlerMapping - Mapped "{[/v2/api-docs],methods=[GET],produces=[application/json || application/hal+json]}" onto public org.springframework.http.ResponseEntity<springfox.documentation.spring.web.json.Json> springfox.documentation.swagger2.web.Swagger2Controller.getDocumentation(java.lang.String,javax.servlet.http.HttpServletRequest)
[INFO ] 2018-01-10 11:09:56.815 [main] RequestMappingHandlerMapping - Mapped "{[/swagger-resources/configuration/security]}" onto org.springframework.http.ResponseEntity<springfox.documentation.swagger.web.SecurityConfiguration> springfox.documentation.swagger.web.ApiResourceController.securityConfiguration()
[INFO ] 2018-01-10 11:09:56.816 [main] RequestMappingHandlerMapping - Mapped "{[/swagger-resources/configuration/ui]}" onto org.springframework.http.ResponseEntity<springfox.documentation.swagger.web.UiConfiguration> springfox.documentation.swagger.web.ApiResourceController.uiConfiguration()
[INFO ] 2018-01-10 11:09:56.817 [main] RequestMappingHandlerMapping - Mapped "{[/swagger-resources]}" onto org.springframework.http.ResponseEntity<java.util.List<springfox.documentation.swagger.web.SwaggerResource>> springfox.documentation.swagger.web.ApiResourceController.swaggerResources()
[INFO ] 2018-01-10 11:09:57.379 [main] RequestMappingHandlerAdapter - Looking for @ControllerAdvice: org.springframework.boot.context.embedded.AnnotationConfigEmbeddedWebApplicationContext@17f7cd29: startup date [Wed Jan 10 11:09:52 CST 2018]; root of context hierarchy
[INFO ] 2018-01-10 11:09:57.445 [main] SimpleUrlHandlerMapping - Mapped URL path [/webjars/**] onto handler of type [class org.springframework.web.servlet.resource.ResourceHttpRequestHandler]
[INFO ] 2018-01-10 11:09:57.445 [main] SimpleUrlHandlerMapping - Mapped URL path [/**] onto handler of type [class org.springframework.web.servlet.resource.ResourceHttpRequestHandler]
[INFO ] 2018-01-10 11:09:57.490 [main] SimpleUrlHandlerMapping - Mapped URL path [/**/favicon.ico] onto handler of type [class org.springframework.web.servlet.resource.ResourceHttpRequestHandler]
[INFO ] 2018-01-10 11:10:11.843 [http-nio-8080-exec-9] DispatcherServlet - FrameworkServlet 'dispatcherServlet': initialization started
[INFO ] 2018-01-10 11:10:11.862 [http-nio-8080-exec-9] DispatcherServlet - FrameworkServlet 'dispatcherServlet': initialization completed in 18 ms
[INFO ] 2018-01-10 11:10:32.161 [localhost-startStop-1] ContextLoader - Root WebApplicationContext: initialization completed in 2915 ms
[INFO ] 2018-01-10 11:10:34.038 [main] RequestMappingHandlerMapping - Mapped "{[/anime],methods=[GET]}" onto public java.lang.String com.galleryapp.galleryapp.controllers.controller.getallAnime(org.springframework.ui.ModelMap)
[INFO ] 2018-01-10 11:10:34.039 [main] RequestMappingHandlerMapping - Mapped "{[/anime/{animetitle}],methods=[GET]}" onto public java.lang.String com.galleryapp.galleryapp.controllers.controller.findAnime(java.lang.String,org.springframework.ui.ModelMap)
[INFO ] 2018-01-10 11:10:34.039 [main] RequestMappingHandlerMapping - Mapped "{[/error],methods=[GET]}" onto public java.lang.String com.galleryapp.galleryapp.controllers.controller.getErrorPath()
[INFO ] 2018-01-10 11:10:34.040 [main] RequestMappingHandlerMapping - Mapped "{[/v2/api-docs],methods=[GET],produces=[application/json || application/hal+json]}" onto public org.springframework.http.ResponseEntity<springfox.documentation.spring.web.json.Json> springfox.documentation.swagger2.web.Swagger2Controller.getDocumentation(java.lang.String,javax.servlet.http.HttpServletRequest)
[INFO ] 2018-01-10 11:10:34.044 [main] RequestMappingHandlerMapping - Mapped "{[/swagger-resources/configuration/security]}" onto org.springframework.http.ResponseEntity<springfox.documentation.swagger.web.SecurityConfiguration> springfox.documentation.swagger.web.ApiResourceController.securityConfiguration()
[INFO ] 2018-01-10 11:10:34.044 [main] RequestMappingHandlerMapping - Mapped "{[/swagger-resources]}" onto org.springframework.http.ResponseEntity<java.util.List<springfox.documentation.swagger.web.SwaggerResource>> springfox.documentation.swagger.web.ApiResourceController.swaggerResources()
[INFO ] 2018-01-10 11:10:34.045 [main] RequestMappingHandlerMapping - Mapped "{[/swagger-resources/configuration/ui]}" onto org.springframework.http.ResponseEntity<springfox.documentation.swagger.web.UiConfiguration> springfox.documentation.swagger.web.ApiResourceController.uiConfiguration()
[INFO ] 2018-01-10 11:10:34.630 [main] RequestMappingHandlerAdapter - Looking for @ControllerAdvice: org.springframework.boot.context.embedded.AnnotationConfigEmbeddedWebApplicationContext@17f7cd29: startup date [Wed Jan 10 11:10:29 CST 2018]; root of context hierarchy
[INFO ] 2018-01-10 11:10:34.693 [main] SimpleUrlHandlerMapping - Mapped URL path [/webjars/**] onto handler of type [class org.springframework.web.servlet.resource.ResourceHttpRequestHandler]
[INFO ] 2018-01-10 11:10:34.693 [main] SimpleUrlHandlerMapping - Mapped URL path [/**] onto handler of type [class org.springframework.web.servlet.resource.ResourceHttpRequestHandler]
[INFO ] 2018-01-10 11:10:34.736 [main] SimpleUrlHandlerMapping - Mapped URL path [/**/favicon.ico] onto handler of type [class org.springframework.web.servlet.resource.ResourceHttpRequestHandler]
[INFO ] 2018-01-10 11:10:46.340 [http-nio-8080-exec-1] DispatcherServlet - FrameworkServlet 'dispatcherServlet': initialization started
[INFO ] 2018-01-10 11:10:46.383 [http-nio-8080-exec-1] DispatcherServlet - FrameworkServlet 'dispatcherServlet': initialization completed in 43 ms
