[INFO ] 2018-01-15 14:41:05.948 [localhost-startStop-1] ContextLoader - Root WebApplicationContext: initialization completed in 2449 ms
[INFO ] 2018-01-15 14:41:08.799 [main] RequestMappingHandlerMapping - Mapped "{[/topics/{id}],methods=[GET]}" onto public com.example.demo.model.Topic com.example.demo.controller.TopicController.getTopic(java.lang.String)
[INFO ] 2018-01-15 14:41:08.801 [main] RequestMappingHandlerMapping - Mapped "{[/topics],methods=[GET]}" onto public java.util.List<com.example.demo.model.Topic> com.example.demo.controller.TopicController.getAllTopics()
[INFO ] 2018-01-15 14:41:08.801 [main] RequestMappingHandlerMapping - Mapped "{[/topics/{id}],methods=[PUT]}" onto public void com.example.demo.controller.TopicController.updateTopic(com.example.demo.model.Topic,java.lang.String)
[INFO ] 2018-01-15 14:41:08.809 [main] RequestMappingHandlerMapping - Mapped "{[/topics/{id}],methods=[DELETE]}" onto public void com.example.demo.controller.TopicController.deleteTopic(com.example.demo.model.Topic,java.lang.String)
[INFO ] 2018-01-15 14:41:08.809 [main] RequestMappingHandlerMapping - Mapped "{[/topics],methods=[POST]}" onto public void com.example.demo.controller.TopicController.addTopic(com.example.demo.model.Topic)
[INFO ] 2018-01-15 14:41:08.813 [main] RequestMappingHandlerMapping - Mapped "{[/swagger-resources/configuration/ui]}" onto public org.springframework.http.ResponseEntity<springfox.documentation.swagger.web.UiConfiguration> springfox.documentation.swagger.web.ApiResourceController.uiConfiguration()
[INFO ] 2018-01-15 14:41:08.814 [main] RequestMappingHandlerMapping - Mapped "{[/swagger-resources]}" onto public org.springframework.http.ResponseEntity<java.util.List<springfox.documentation.swagger.web.SwaggerResource>> springfox.documentation.swagger.web.ApiResourceController.swaggerResources()
[INFO ] 2018-01-15 14:41:08.815 [main] RequestMappingHandlerMapping - Mapped "{[/swagger-resources/configuration/security]}" onto public org.springframework.http.ResponseEntity<springfox.documentation.swagger.web.SecurityConfiguration> springfox.documentation.swagger.web.ApiResourceController.securityConfiguration()
[INFO ] 2018-01-15 14:41:08.817 [main] RequestMappingHandlerMapping - Mapped "{[/error]}" onto public org.springframework.http.ResponseEntity<java.util.Map<java.lang.String, java.lang.Object>> org.springframework.boot.autoconfigure.web.BasicErrorController.error(javax.servlet.http.HttpServletRequest)
[INFO ] 2018-01-15 14:41:08.817 [main] RequestMappingHandlerMapping - Mapped "{[/error],produces=[text/html]}" onto public org.springframework.web.servlet.ModelAndView org.springframework.boot.autoconfigure.web.BasicErrorController.errorHtml(javax.servlet.http.HttpServletRequest,javax.servlet.http.HttpServletResponse)
[INFO ] 2018-01-15 14:41:09.280 [main] RequestMappingHandlerAdapter - Looking for @ControllerAdvice: org.springframework.boot.context.embedded.AnnotationConfigEmbeddedWebApplicationContext@23348b5d: startup date [Mon Jan 15 14:41:03 CST 2018]; root of context hierarchy
[INFO ] 2018-01-15 14:41:09.357 [main] SimpleUrlHandlerMapping - Mapped URL path [/webjars/**] onto handler of type [class org.springframework.web.servlet.resource.ResourceHttpRequestHandler]
[INFO ] 2018-01-15 14:41:09.357 [main] SimpleUrlHandlerMapping - Mapped URL path [/**] onto handler of type [class org.springframework.web.servlet.resource.ResourceHttpRequestHandler]
[INFO ] 2018-01-15 14:41:09.404 [main] SimpleUrlHandlerMapping - Mapped URL path [/**/favicon.ico] onto handler of type [class org.springframework.web.servlet.resource.ResourceHttpRequestHandler]
[INFO ] 2018-01-15 14:41:21.791 [http-nio-8080-exec-2] DispatcherServlet - FrameworkServlet 'dispatcherServlet': initialization started
[INFO ] 2018-01-15 14:41:21.812 [http-nio-8080-exec-2] DispatcherServlet - FrameworkServlet 'dispatcherServlet': initialization completed in 21 ms
[INFO ] 2018-01-15 14:43:48.428 [localhost-startStop-1] ContextLoader - Root WebApplicationContext: initialization completed in 3240 ms
[INFO ] 2018-01-15 14:43:51.301 [main] RequestMappingHandlerMapping - Mapped "{[/topics/{id}],methods=[GET]}" onto public com.example.demo.model.Topic com.example.demo.controller.TopicController.getTopic(java.lang.String)
[INFO ] 2018-01-15 14:43:51.302 [main] RequestMappingHandlerMapping - Mapped "{[/topics/{id}],methods=[DELETE]}" onto public void com.example.demo.controller.TopicController.deleteTopic(com.example.demo.model.Topic,java.lang.String)
[INFO ] 2018-01-15 14:43:51.302 [main] RequestMappingHandlerMapping - Mapped "{[/topics],methods=[GET]}" onto public java.util.List<com.example.demo.model.Topic> com.example.demo.controller.TopicController.getAllTopics()
[INFO ] 2018-01-15 14:43:51.302 [main] RequestMappingHandlerMapping - Mapped "{[/topics],methods=[POST]}" onto public void com.example.demo.controller.TopicController.addTopic(com.example.demo.model.Topic)
[INFO ] 2018-01-15 14:43:51.302 [main] RequestMappingHandlerMapping - Mapped "{[/topics/{id}],methods=[PUT]}" onto public void com.example.demo.controller.TopicController.updateTopic(com.example.demo.model.Topic,java.lang.String)
[INFO ] 2018-01-15 14:43:51.305 [main] RequestMappingHandlerMapping - Mapped "{[/swagger-resources/configuration/security]}" onto public org.springframework.http.ResponseEntity<springfox.documentation.swagger.web.SecurityConfiguration> springfox.documentation.swagger.web.ApiResourceController.securityConfiguration()
[INFO ] 2018-01-15 14:43:51.306 [main] RequestMappingHandlerMapping - Mapped "{[/swagger-resources/configuration/ui]}" onto public org.springframework.http.ResponseEntity<springfox.documentation.swagger.web.UiConfiguration> springfox.documentation.swagger.web.ApiResourceController.uiConfiguration()
[INFO ] 2018-01-15 14:43:51.307 [main] RequestMappingHandlerMapping - Mapped "{[/swagger-resources]}" onto public org.springframework.http.ResponseEntity<java.util.List<springfox.documentation.swagger.web.SwaggerResource>> springfox.documentation.swagger.web.ApiResourceController.swaggerResources()
[INFO ] 2018-01-15 14:43:51.309 [main] RequestMappingHandlerMapping - Mapped "{[/error]}" onto public org.springframework.http.ResponseEntity<java.util.Map<java.lang.String, java.lang.Object>> org.springframework.boot.autoconfigure.web.BasicErrorController.error(javax.servlet.http.HttpServletRequest)
[INFO ] 2018-01-15 14:43:51.309 [main] RequestMappingHandlerMapping - Mapped "{[/error],produces=[text/html]}" onto public org.springframework.web.servlet.ModelAndView org.springframework.boot.autoconfigure.web.BasicErrorController.errorHtml(javax.servlet.http.HttpServletRequest,javax.servlet.http.HttpServletResponse)
[INFO ] 2018-01-15 14:43:51.842 [main] RequestMappingHandlerAdapter - Looking for @ControllerAdvice: org.springframework.boot.context.embedded.AnnotationConfigEmbeddedWebApplicationContext@23348b5d: startup date [Mon Jan 15 14:43:45 CST 2018]; root of context hierarchy
[INFO ] 2018-01-15 14:43:51.908 [main] SimpleUrlHandlerMapping - Mapped URL path [/webjars/**] onto handler of type [class org.springframework.web.servlet.resource.ResourceHttpRequestHandler]
[INFO ] 2018-01-15 14:43:51.908 [main] SimpleUrlHandlerMapping - Mapped URL path [/**] onto handler of type [class org.springframework.web.servlet.resource.ResourceHttpRequestHandler]
[INFO ] 2018-01-15 14:43:51.947 [main] SimpleUrlHandlerMapping - Mapped URL path [/**/favicon.ico] onto handler of type [class org.springframework.web.servlet.resource.ResourceHttpRequestHandler]
[INFO ] 2018-01-15 14:43:57.511 [http-nio-8080-exec-1] DispatcherServlet - FrameworkServlet 'dispatcherServlet': initialization started
[INFO ] 2018-01-15 14:43:57.539 [http-nio-8080-exec-1] DispatcherServlet - FrameworkServlet 'dispatcherServlet': initialization completed in 27 ms
