2018-01-05 12:04:17.743  INFO 2208 --- [main] c.K.basicAuth.BasicAuthApplicationKt     : Starting BasicAuthApplicationKt on bcsdesk-atul with PID 2208 (C:\Users\atul.kumar\Downloads\Restful-Learning\basicAuth\target\classes started by atul.kumar in C:\Users\atul.kumar\Downloads\Restful-Learning)
2018-01-05 12:04:17.751 DEBUG 2208 --- [main] c.K.basicAuth.BasicAuthApplicationKt     : Running with Spring Boot v1.5.9.RELEASE, Spring v4.3.13.RELEASE
2018-01-05 12:04:17.752  INFO 2208 --- [main] c.K.basicAuth.BasicAuthApplicationKt     : No active profile set, falling back to default profiles: default
2018-01-05 12:04:19.811  INFO 2208 --- [main] ationConfigEmbeddedWebApplicationContext : Refreshing org.springframework.boot.context.embedded.AnnotationConfigEmbeddedWebApplicationContext@79defdc: startup date [Fri Jan 05 12:04:19 IST 2018]; root of context hierarchy
2018-01-05 12:04:26.743  INFO 2208 --- [main] s.b.c.e.t.TomcatEmbeddedServletContainer : Tomcat initialized with port(s): 8080 (http)
2018-01-05 12:04:26.821  INFO 2208 --- [main] o.apache.catalina.core.StandardService   : Starting service [Tomcat]
2018-01-05 12:04:26.843  INFO 2208 --- [main] org.apache.catalina.core.StandardEngine  : Starting Servlet Engine: Apache Tomcat/8.5.23
2018-01-05 12:04:27.277  INFO 2208 --- [localhost-startStop-1] o.a.c.c.C.[Tomcat].[localhost].[/]       : Initializing Spring embedded WebApplicationContext
2018-01-05 12:04:27.738  INFO 2208 --- [localhost-startStop-1] o.s.b.w.servlet.FilterRegistrationBean   : Mapping filter: 'characterEncodingFilter' to: [/*]
2018-01-05 12:04:27.738  INFO 2208 --- [localhost-startStop-1] o.s.b.w.servlet.FilterRegistrationBean   : Mapping filter: 'hiddenHttpMethodFilter' to: [/*]
2018-01-05 12:04:27.739  INFO 2208 --- [localhost-startStop-1] o.s.b.w.servlet.FilterRegistrationBean   : Mapping filter: 'httpPutFormContentFilter' to: [/*]
2018-01-05 12:04:27.739  INFO 2208 --- [localhost-startStop-1] o.s.b.w.servlet.FilterRegistrationBean   : Mapping filter: 'requestContextFilter' to: [/*]
2018-01-05 12:04:27.742  INFO 2208 --- [localhost-startStop-1] .s.DelegatingFilterProxyRegistrationBean : Mapping filter: 'springSecurityFilterChain' to: [/*]
2018-01-05 12:04:27.744  INFO 2208 --- [localhost-startStop-1] o.s.b.w.servlet.ServletRegistrationBean  : Mapping servlet: 'dispatcherServlet' to [/]
2018-01-05 12:04:29.897  INFO 2208 --- [main] pertySourcedRequestMappingHandlerMapping : Mapped URL path [/v2/api-docs] onto method [public org.springframework.http.ResponseEntity<springfox.documentation.spring.web.json.Json> springfox.documentation.swagger2.web.Swagger2Controller.getDocumentation(java.lang.String,javax.servlet.http.HttpServletRequest)]
2018-01-05 12:04:30.389  INFO 2208 --- [main] o.s.s.web.DefaultSecurityFilterChain     : Creating filter chain: org.springframework.security.web.util.matcher.AnyRequestMatcher@1, [org.springframework.security.web.context.request.async.WebAsyncManagerIntegrationFilter@7926352f, org.springframework.security.web.context.SecurityContextPersistenceFilter@265a094b, org.springframework.security.web.header.HeaderWriterFilter@4aebee4b, org.springframework.security.web.csrf.CsrfFilter@3a1b36a1, org.springframework.security.web.authentication.logout.LogoutFilter@59018eed, org.springframework.security.web.authentication.UsernamePasswordAuthenticationFilter@2cfe272f, org.springframework.security.web.authentication.ui.DefaultLoginPageGeneratingFilter@cbd40c1, org.springframework.security.web.authentication.www.BasicAuthenticationFilter@3c88191b, org.springframework.security.web.savedrequest.RequestCacheAwareFilter@22a260ff, org.springframework.security.web.servletapi.SecurityContextHolderAwareRequestFilter@1d6a8386, org.springframework.security.web.authentication.AnonymousAuthenticationFilter@5bc63e20, org.springframework.security.web.session.SessionManagementFilter@28393e82, org.springframework.security.web.access.ExceptionTranslationFilter@2dd1086, org.springframework.security.web.access.intercept.FilterSecurityInterceptor@38883a31]
2018-01-05 12:04:31.514  INFO 2208 --- [main] o.s.j.e.a.AnnotationMBeanExporter        : Registering beans for JMX exposure on startup
2018-01-05 12:04:31.551  INFO 2208 --- [main] o.s.c.support.DefaultLifecycleProcessor  : Starting beans in phase 2147483647
2018-01-05 12:04:31.552  INFO 2208 --- [main] d.s.w.p.DocumentationPluginsBootstrapper : Context refreshed
2018-01-05 12:04:31.612  INFO 2208 --- [main] d.s.w.p.DocumentationPluginsBootstrapper : Found 1 custom documentation plugin(s)
2018-01-05 12:04:31.758  INFO 2208 --- [main] s.d.s.w.s.ApiListingReferenceScanner     : Scanning for api listing references
2018-01-05 12:04:32.203  INFO 2208 --- [main] s.b.c.e.t.TomcatEmbeddedServletContainer : Tomcat started on port(s): 8080 (http)
2018-01-05 12:04:32.237  INFO 2208 --- [main] c.K.basicAuth.BasicAuthApplicationKt     : Started BasicAuthApplicationKt in 16.764 seconds (JVM running for 20.139)
2018-01-05 12:04:56.822  INFO 2208 --- [http-nio-8080-exec-10] o.a.c.c.C.[Tomcat].[localhost].[/]       : Initializing Spring FrameworkServlet 'dispatcherServlet'
2018-01-05 12:04:57.193  WARN 2208 --- [http-nio-8080-exec-10] o.a.c.util.SessionIdGeneratorBase        : Creation of SecureRandom instance for session ID generation using [SHA1PRNG] took [103] milliseconds.
2018-01-05 12:06:36.252  INFO 2208 --- [http-nio-8080-exec-4] c.K.basicAuth.controllers.userControl    : User Logged in
2018-01-05 12:20:49.201  INFO 3228 --- [main] c.K.basicAuth.BasicAuthApplicationKt     : Starting BasicAuthApplicationKt on bcsdesk-atul with PID 3228 (C:\Users\atul.kumar\Downloads\Restful-Learning\basicAuth\target\classes started by atul.kumar in C:\Users\atul.kumar\Downloads\Restful-Learning)
2018-01-05 12:20:49.218 DEBUG 3228 --- [main] c.K.basicAuth.BasicAuthApplicationKt     : Running with Spring Boot v1.5.9.RELEASE, Spring v4.3.13.RELEASE
2018-01-05 12:20:49.219  INFO 3228 --- [main] c.K.basicAuth.BasicAuthApplicationKt     : No active profile set, falling back to default profiles: default
2018-01-05 12:20:49.668  INFO 3228 --- [main] ationConfigEmbeddedWebApplicationContext : Refreshing org.springframework.boot.context.embedded.AnnotationConfigEmbeddedWebApplicationContext@18317edc: startup date [Fri Jan 05 12:20:49 IST 2018]; root of context hierarchy
2018-01-05 12:20:56.230  INFO 3228 --- [main] s.b.c.e.t.TomcatEmbeddedServletContainer : Tomcat initialized with port(s): 8080 (http)
2018-01-05 12:20:56.297  INFO 3228 --- [main] o.apache.catalina.core.StandardService   : Starting service [Tomcat]
2018-01-05 12:20:56.312  INFO 3228 --- [main] org.apache.catalina.core.StandardEngine  : Starting Servlet Engine: Apache Tomcat/8.5.23
2018-01-05 12:20:57.011  INFO 3228 --- [localhost-startStop-1] o.a.c.c.C.[Tomcat].[localhost].[/]       : Initializing Spring embedded WebApplicationContext
2018-01-05 12:20:59.927  INFO 3228 --- [localhost-startStop-1] o.s.b.w.servlet.FilterRegistrationBean   : Mapping filter: 'characterEncodingFilter' to: [/*]
2018-01-05 12:20:59.929  INFO 3228 --- [localhost-startStop-1] o.s.b.w.servlet.FilterRegistrationBean   : Mapping filter: 'hiddenHttpMethodFilter' to: [/*]
2018-01-05 12:20:59.930  INFO 3228 --- [localhost-startStop-1] o.s.b.w.servlet.FilterRegistrationBean   : Mapping filter: 'httpPutFormContentFilter' to: [/*]
2018-01-05 12:20:59.930  INFO 3228 --- [localhost-startStop-1] o.s.b.w.servlet.FilterRegistrationBean   : Mapping filter: 'requestContextFilter' to: [/*]
2018-01-05 12:21:00.069  INFO 3228 --- [localhost-startStop-1] .s.DelegatingFilterProxyRegistrationBean : Mapping filter: 'springSecurityFilterChain' to: [/*]
2018-01-05 12:21:00.070  INFO 3228 --- [localhost-startStop-1] o.s.b.w.servlet.ServletRegistrationBean  : Mapping servlet: 'dispatcherServlet' to [/]
2018-01-05 12:21:07.541  INFO 3228 --- [main] pertySourcedRequestMappingHandlerMapping : Mapped URL path [/v2/api-docs] onto method [public org.springframework.http.ResponseEntity<springfox.documentation.spring.web.json.Json> springfox.documentation.swagger2.web.Swagger2Controller.getDocumentation(java.lang.String,javax.servlet.http.HttpServletRequest)]
2018-01-05 12:21:08.043  INFO 3228 --- [main] o.s.s.web.DefaultSecurityFilterChain     : Creating filter chain: org.springframework.security.web.util.matcher.AnyRequestMatcher@1, [org.springframework.security.web.context.request.async.WebAsyncManagerIntegrationFilter@5bc63e20, org.springframework.security.web.context.SecurityContextPersistenceFilter@1f536481, org.springframework.security.web.header.HeaderWriterFilter@18d47df0, org.springframework.security.web.csrf.CsrfFilter@5e1a986c, org.springframework.security.web.authentication.logout.LogoutFilter@2ee39e73, org.springframework.security.web.authentication.UsernamePasswordAuthenticationFilter@2f95653f, org.springframework.security.web.authentication.ui.DefaultLoginPageGeneratingFilter@4fa86cb8, org.springframework.security.web.authentication.www.BasicAuthenticationFilter@74960e9d, org.springframework.security.web.savedrequest.RequestCacheAwareFilter@54c425b1, org.springframework.security.web.servletapi.SecurityContextHolderAwareRequestFilter@6274f21c, org.springframework.security.web.authentication.AnonymousAuthenticationFilter@61037caf, org.springframework.security.web.session.SessionManagementFilter@697a0948, org.springframework.security.web.access.ExceptionTranslationFilter@6b8d54da, org.springframework.security.web.access.intercept.FilterSecurityInterceptor@27a6fef2]
2018-01-05 12:21:09.045  INFO 3228 --- [main] o.s.j.e.a.AnnotationMBeanExporter        : Registering beans for JMX exposure on startup
2018-01-05 12:21:09.076  INFO 3228 --- [main] o.s.c.support.DefaultLifecycleProcessor  : Starting beans in phase 2147483647
2018-01-05 12:21:09.077  INFO 3228 --- [main] d.s.w.p.DocumentationPluginsBootstrapper : Context refreshed
2018-01-05 12:21:09.137  INFO 3228 --- [main] d.s.w.p.DocumentationPluginsBootstrapper : Found 1 custom documentation plugin(s)
2018-01-05 12:21:09.275  INFO 3228 --- [main] s.d.s.w.s.ApiListingReferenceScanner     : Scanning for api listing references
2018-01-05 12:21:09.962  INFO 3228 --- [main] s.b.c.e.t.TomcatEmbeddedServletContainer : Tomcat started on port(s): 8080 (http)
2018-01-05 12:21:09.994  INFO 3228 --- [main] c.K.basicAuth.BasicAuthApplicationKt     : Started BasicAuthApplicationKt in 22.61 seconds (JVM running for 26.601)
2018-01-05 12:21:23.962  INFO 3228 --- [http-nio-8080-exec-2] o.a.c.c.C.[Tomcat].[localhost].[/]       : Initializing Spring FrameworkServlet 'dispatcherServlet'
2018-01-05 12:21:26.341  WARN 3228 --- [http-nio-8080-exec-2] o.a.c.util.SessionIdGeneratorBase        : Creation of SecureRandom instance for session ID generation using [SHA1PRNG] took [865] milliseconds.
2018-01-05 12:22:02.351  INFO 3228 --- [http-nio-8080-exec-8] c.K.basicAuth.controllers.userControl    : User Logged in
